<?xml version="1.0" encoding="UTF-8"?>
<testsuite name="DataStructures.HuffmanTreeTest" tests="2" skipped="0" failures="0" errors="0" timestamp="2023-11-13T04:51:06" hostname="Marios-MBP.lan" time="0.008">
  <properties/>
  <testcase name="ConstructorWhenConstructedCreatesObj()" classname="DataStructures.HuffmanTreeTest" time="0.006"/>
  <testcase name="getCharacterFrequencyWhenCharacterDoesNotExistReturnsNegativeOne()" classname="DataStructures.HuffmanTreeTest" time="0.001"/>
  <system-out><![CDATA[]]></system-out>
  <system-err><![CDATA[]]></system-err>
</testsuite>
